\BOOKMARK [0][-]{chapter*.2}{\376\377\000\332\000v\000o\000d}{}% 1
\BOOKMARK [0][-]{chapter.1}{\376\377\000Z\000\341\000k\000l\000a\000d\000n\000\355\000\040\000p\000o\000j\000m\000y}{}% 2
\BOOKMARK [1][-]{section.1.1}{\376\377\000E\000v\000o\000l\000u\001\015\000n\000\355\000\040\000a\000l\000g\000o\000r\000i\000t\000m\000y}{chapter.1}% 3
\BOOKMARK [2][-]{subsection.1.1.1}{\376\377\000E\000x\000i\000s\000t\000u\000j\000\355\000c\000\355\000\040\000i\000m\000p\000l\000e\000m\000e\000n\000t\000a\000c\000e}{section.1.1}% 4
\BOOKMARK [1][-]{section.1.2}{\376\377\000N\000e\000u\000r\000o\000n\000o\000v\000\351\000\040\000s\000\355\000t\001\033}{chapter.1}% 5
\BOOKMARK [1][-]{section.1.3}{\376\377\000N\000e\000u\000r\000o\000e\000v\000o\000l\000u\000c\000e}{chapter.1}% 6
\BOOKMARK [2][-]{subsection.1.3.1}{\376\377\000N\000E\000A\000T}{section.1.3}% 7
\BOOKMARK [2][-]{subsection.1.3.2}{\376\377\000H\000y\000p\000e\000r\000N\000E\000A\000T}{section.1.3}% 8
\BOOKMARK [1][-]{section.1.4}{\376\377\000S\000i\000m\000u\000l\000o\000v\000a\000n\000\351\000\040\000p\000r\000o\000s\000t\001\131\000e\000d\000\355}{chapter.1}% 9
\BOOKMARK [2][-]{subsection.1.4.1}{\376\377\000S\000i\000m\000u\000l\000\341\000t\000o\000r\000y\000\040\000p\000r\000o\000s\000t\001\131\000e\000d\000\355}{section.1.4}% 10
\BOOKMARK [2][-]{subsection.1.4.2}{\376\377\000F\000y\000z\000i\000k\000\341\000l\000n\000\355\000\040\000s\000i\000m\000u\000l\000\341\000t\000o\000r\000y}{section.1.4}% 11
\BOOKMARK [0][-]{chapter.2}{\376\377\000S\000p\000e\000c\000i\000f\000i\000k\000a\000c\000e}{}% 12
\BOOKMARK [1][-]{section.2.1}{\376\377\000F\000u\000n\000k\001\015\000n\000\355\000\040\000p\000o\001\176\000a\000d\000a\000v\000k\000y}{chapter.2}% 13
\BOOKMARK [0][-]{chapter.3}{\376\377\000I\000m\000p\000l\000e\000m\000e\000n\000t\000a\000c\000e}{}% 14
\BOOKMARK [1][-]{section.3.1}{\376\377\000P\000r\000o\000g\000r\000a\000m\000o\000v\000a\000c\000\355\000\040\000j\000a\000z\000y\000k}{chapter.3}% 15
\BOOKMARK [1][-]{section.3.2}{\376\377\000S\000i\000m\000u\000l\000o\000v\000a\000n\000\351\000\040\000f\000y\000z\000i\000k\000\341\000l\000n\000\355\000\040\000p\000r\000o\000s\000t\001\131\000e\000d\000\355}{chapter.3}% 16
\BOOKMARK [2][-]{subsection.3.2.1}{\376\377\000R\000o\000b\000o\000t\000i}{section.3.2}% 17
\BOOKMARK [1][-]{section.3.3}{\376\377\000G\000e\000n\000e\000t\000i\000c\000k\000\351\000\040\000a\000l\000g\000o\000r\000i\000t\000m\000y}{chapter.3}% 18
\BOOKMARK [1][-]{section.3.4}{\376\377\000I\000m\000p\000l\000e\000m\000e\000n\000t\000a\000c\000e\000\040\000k\000n\000i\000h\000o\000v\000n\000y}{chapter.3}% 19
\BOOKMARK [1][-]{section.3.5}{\376\377\000G\000r\000a\000f\000i\000c\000k\000\351\000\040\000r\000o\000z\000h\000r\000a\000n\000\355}{chapter.3}% 20
\BOOKMARK [0][-]{chapter.4}{\376\377\000E\000x\000p\000e\000r\000i\000m\000e\000n\000t\000y\000\040\000a\000\040\000v\000\375\000s\000l\000e\000d\000k\000y}{}% 21
\BOOKMARK [1][-]{section.4.1}{\376\377\000V\000\375\000v\000o\000j\000\040\001\131\000\355\000z\000e\000n\000\355\000\040\000r\000o\000b\000o\000t\001\157}{chapter.4}% 22
\BOOKMARK [1][-]{section.4.2}{\376\377\000V\000\375\000v\000o\000j\000\040\001\131\000\355\000z\000e\000n\000\355\000\040\000a\000\040\000m\000o\000r\000f\000o\000l\000o\000g\000i\000e\000\040\000r\000o\000b\000o\000t\001\157}{chapter.4}% 23
\BOOKMARK [2][-]{subsection.4.2.1}{\376\377\000O\000d\000d\001\033\000l\000e\000n\000\375\000\040\000v\000\375\000v\000o\000j\000\040\001\131\000\355\000z\000e\000n\000\355\000\040\000a\000\040\000m\000o\000r\000f\000o\000l\000o\000g\000i\000e}{section.4.2}% 24
\BOOKMARK [2][-]{subsection.4.2.2}{\376\377\000S\000i\000m\000u\000l\000t\000\341\000n\000n\000\355\000\040\000v\000\375\000v\000o\000j\000\040\001\131\000\355\000z\000e\000n\000\355\000\040\000a\000\040\000m\000o\000r\000f\000o\000l\000o\000g\000i\000e}{section.4.2}% 25
\BOOKMARK [1][-]{section.4.3}{\376\377\000D\000i\000s\000k\000u\000z\000e\000\040\000v\000\375\000s\000l\000e\000d\000k\001\157}{chapter.4}% 26
\BOOKMARK [0][-]{chapter*.36}{\376\377\000Z\000\341\000v\001\033\000r}{}% 27
\BOOKMARK [0][-]{chapter*.37}{\376\377\000S\000e\000z\000n\000a\000m\000\040\000p\000o\000u\001\176\000i\000t\000\351\000\040\000l\000i\000t\000e\000r\000a\000t\000u\000r\000y}{}% 28
\BOOKMARK [0][-]{appendix.A}{\376\377\000P\001\131\000\355\000l\000o\000h\000y}{}% 29
\BOOKMARK [1][-]{section.A.1}{\376\377\000P\000r\000v\000n\000\355\000\040\000p\001\131\000\355\000l\000o\000h\000a}{appendix.A}% 30
